{
  "stats": {
    "suites": 10,
    "tests": 27,
    "passes": 22,
    "pending": 0,
    "failures": 5,
    "start": "2023-10-30T07:11:36.364Z",
    "end": "2023-10-30T07:12:34.052Z",
    "duration": 57688,
    "testsRegistered": 27,
    "passPercent": 81.48148148148148,
    "pendingPercent": 0,
    "other": 0,
    "hasOther": false,
    "skipped": 0,
    "hasSkipped": false
  },
  "results": [
    {
      "uuid": "b1a3f2da-0357-4a21-b5b4-1a990bf16c1b",
      "title": "",
      "fullFile": "cypress\\tests\\app.cy.js",
      "file": "cypress\\tests\\app.cy.js",
      "beforeHooks": [],
      "afterHooks": [],
      "tests": [],
      "suites": [
        {
          "uuid": "790cc4ad-8e06-454b-8259-7d6d517c1373",
          "title": "TodoMVC - React",
          "fullFile": "",
          "file": "",
          "beforeHooks": [],
          "afterHooks": [],
          "tests": [],
          "suites": [
            {
              "uuid": "55016b0e-9e06-4c15-9317-57a1d5ffb628",
              "title": "Add todo test presentation",
              "fullFile": "",
              "file": "",
              "beforeHooks": [],
              "afterHooks": [],
              "tests": [
                {
                  "title": "Should add 2 todos",
                  "fullTitle": "TodoMVC - React Add todo test presentation Should add 2 todos",
                  "timedOut": null,
                  "duration": 736,
                  "state": "passed",
                  "speed": "fast",
                  "pass": true,
                  "fail": false,
                  "pending": false,
                  "context": null,
                  "code": "cy.get('.new-todo').type('learn testing{enter}').type('be cool{enter}');\ncy.get('.todo-list li').should('have.length', 2);",
                  "err": {},
                  "uuid": "1d3af7eb-43e6-426d-8583-1bb58a76a0dc",
                  "parentUUID": "55016b0e-9e06-4c15-9317-57a1d5ffb628",
                  "isHook": false,
                  "skipped": false
                }
              ],
              "suites": [],
              "passes": [
                "1d3af7eb-43e6-426d-8583-1bb58a76a0dc"
              ],
              "failures": [],
              "pending": [],
              "skipped": [],
              "duration": 736,
              "root": false,
              "rootEmpty": false,
              "_timeout": 2000
            },
            {
              "uuid": "e61343d3-d414-446f-aa58-897abd571747",
              "title": "New Todo",
              "fullFile": "",
              "file": "",
              "beforeHooks": [],
              "afterHooks": [],
              "tests": [
                {
                  "title": "should allow me to add todo items",
                  "fullTitle": "TodoMVC - React New Todo should allow me to add todo items",
                  "timedOut": null,
                  "duration": 979,
                  "state": "passed",
                  "speed": "fast",
                  "pass": true,
                  "fail": false,
                  "pending": false,
                  "context": null,
                  "code": "// create 1st todo\ncy.get('.new-todo').type(TODO_ITEM_ONE).type('{enter}');\n// make sure the 1st label contains the 1st todo text\ncy.get('.todo-list li').eq(0).find('label').should('contain', TODO_ITEM_ONE);\n// create 2nd todo\ncy.get('.new-todo').type(TODO_ITEM_TWO).type('{enter}');\n// make sure the 2nd label contains the 2nd todo text\ncy.get('.todo-list li').eq(1).find('label').should('contain', TODO_ITEM_TWO);",
                  "err": {},
                  "uuid": "65d91500-411a-4c16-a71a-bc72b9c87faa",
                  "parentUUID": "e61343d3-d414-446f-aa58-897abd571747",
                  "isHook": false,
                  "skipped": false
                },
                {
                  "title": "adds items",
                  "fullTitle": "TodoMVC - React New Todo adds items",
                  "timedOut": null,
                  "duration": 921,
                  "state": "passed",
                  "speed": "fast",
                  "pass": true,
                  "fail": false,
                  "pending": false,
                  "context": null,
                  "code": "// create several todos then check the number of items in the list\ncy.get('.new-todo').type('todo A{enter}').type('todo B{enter}') // we can continue working with same element\n.type('todo C{enter}') // and keep adding new items\n.type('todo D{enter}');\ncy.get('.todo-list li').should('have.length', 4);",
                  "err": {},
                  "uuid": "fe499a82-40e3-441f-8390-1ec285e37b5d",
                  "parentUUID": "e61343d3-d414-446f-aa58-897abd571747",
                  "isHook": false,
                  "skipped": false
                },
                {
                  "title": "should clear text input field when an item is added",
                  "fullTitle": "TodoMVC - React New Todo should clear text input field when an item is added",
                  "timedOut": null,
                  "duration": 613,
                  "state": "passed",
                  "speed": "fast",
                  "pass": true,
                  "fail": false,
                  "pending": false,
                  "context": null,
                  "code": "cy.get('.new-todo').type(TODO_ITEM_ONE).type('{enter}');\ncy.get('.new-todo').should('have.text', '');",
                  "err": {},
                  "uuid": "ab483532-ea09-4978-bf4a-9a7ce7f42981",
                  "parentUUID": "e61343d3-d414-446f-aa58-897abd571747",
                  "isHook": false,
                  "skipped": false
                },
                {
                  "title": "should append new items to the bottom of the list",
                  "fullTitle": "TodoMVC - React New Todo should append new items to the bottom of the list",
                  "timedOut": null,
                  "duration": 1198,
                  "state": "passed",
                  "speed": "fast",
                  "pass": true,
                  "fail": false,
                  "pending": false,
                  "context": null,
                  "code": "// this is an example of a custom command\n// defined in cypress/support/commands.js\ncy.createDefaultTodos().as('todos');\n// even though the text content is split across\n// multiple <span> and <strong> elements\n// `cy.contains` can verify this correctly\ncy.get('.todo-count').contains('3 items left');\ncy.get('@todos').eq(0).find('label').should('contain', TODO_ITEM_ONE);\ncy.get('@todos').eq(1).find('label').should('contain', TODO_ITEM_TWO);\ncy.get('@todos').eq(2).find('label').should('contain', TODO_ITEM_THREE);",
                  "err": {},
                  "uuid": "14f798ee-c4de-4727-b890-86d9db100c69",
                  "parentUUID": "e61343d3-d414-446f-aa58-897abd571747",
                  "isHook": false,
                  "skipped": false
                },
                {
                  "title": "should show #main and #footer when items added",
                  "fullTitle": "TodoMVC - React New Todo should show #main and #footer when items added",
                  "timedOut": null,
                  "duration": 522,
                  "state": "passed",
                  "speed": "fast",
                  "pass": true,
                  "fail": false,
                  "pending": false,
                  "context": null,
                  "code": "cy.createTodo(TODO_ITEM_ONE);\ncy.get('.main').should('be.visible');\ncy.get('.footer').should('be.visible');",
                  "err": {},
                  "uuid": "9c0abd5a-a719-480f-8c60-79f4af51d4d9",
                  "parentUUID": "e61343d3-d414-446f-aa58-897abd571747",
                  "isHook": false,
                  "skipped": false
                }
              ],
              "suites": [],
              "passes": [
                "65d91500-411a-4c16-a71a-bc72b9c87faa",
                "fe499a82-40e3-441f-8390-1ec285e37b5d",
                "ab483532-ea09-4978-bf4a-9a7ce7f42981",
                "14f798ee-c4de-4727-b890-86d9db100c69",
                "9c0abd5a-a719-480f-8c60-79f4af51d4d9"
              ],
              "failures": [],
              "pending": [],
              "skipped": [],
              "duration": 4233,
              "root": false,
              "rootEmpty": false,
              "_timeout": 2000
            },
            {
              "uuid": "edb7f786-1d5e-4936-bb5b-4811946f8840",
              "title": "Mark all as completed",
              "fullFile": "",
              "file": "",
              "beforeHooks": [],
              "afterHooks": [],
              "tests": [
                {
                  "title": "should allow me to mark all items as completed",
                  "fullTitle": "TodoMVC - React Mark all as completed should allow me to mark all items as completed",
                  "timedOut": null,
                  "duration": 1289,
                  "state": "passed",
                  "speed": "fast",
                  "pass": true,
                  "fail": false,
                  "pending": false,
                  "context": null,
                  "code": "// complete all todos\n// we use 'check' instead of 'click'\n// because that indicates our intention much clearer\ncy.get('.toggle-all').check();\n// get each todo li and ensure its class is 'completed'\ncy.get('@todos').eq(0).should('have.class', 'completed');\ncy.get('@todos').eq(1).should('have.class', 'completed');\ncy.get('@todos').eq(2).should('have.class', 'completed');",
                  "err": {},
                  "uuid": "94144bf4-c8e8-4d02-b26d-e84f0465bb83",
                  "parentUUID": "edb7f786-1d5e-4936-bb5b-4811946f8840",
                  "isHook": false,
                  "skipped": false
                },
                {
                  "title": "should allow me to clear the complete state of all items",
                  "fullTitle": "TodoMVC - React Mark all as completed should allow me to clear the complete state of all items",
                  "timedOut": null,
                  "duration": 1346,
                  "state": "passed",
                  "speed": "fast",
                  "pass": true,
                  "fail": false,
                  "pending": false,
                  "context": null,
                  "code": "// check and then immediately uncheck\ncy.get('.toggle-all').check().uncheck();\ncy.get('@todos').eq(0).should('not.have.class', 'completed');\ncy.get('@todos').eq(1).should('not.have.class', 'completed');\ncy.get('@todos').eq(2).should('not.have.class', 'completed');",
                  "err": {},
                  "uuid": "de648b78-77c0-48da-8162-04e52acb7862",
                  "parentUUID": "edb7f786-1d5e-4936-bb5b-4811946f8840",
                  "isHook": false,
                  "skipped": false
                },
                {
                  "title": "complete all checkbox should update state when items are completed / cleared",
                  "fullTitle": "TodoMVC - React Mark all as completed complete all checkbox should update state when items are completed / cleared",
                  "timedOut": null,
                  "duration": 1379,
                  "state": "passed",
                  "speed": "fast",
                  "pass": true,
                  "fail": false,
                  "pending": false,
                  "context": null,
                  "code": "// alias the .toggle-all for reuse later\ncy.get('.toggle-all').as('toggleAll').check()\n// this assertion is silly here IMO but\n// it is what TodoMVC does\n.should('be.checked');\n// alias the first todo and then click it\ncy.get('.todo-list li').eq(0).as('firstTodo').find('.toggle').uncheck();\n// reference the .toggle-all element again\n// and make sure its not checked\ncy.get('@toggleAll').should('not.be.checked');\n// reference the first todo again and now toggle it\ncy.get('@firstTodo').find('.toggle').check();\n// assert the toggle all is checked again\ncy.get('@toggleAll').should('be.checked');",
                  "err": {},
                  "uuid": "88443434-d0b9-4016-aa78-81b32fcb42ba",
                  "parentUUID": "edb7f786-1d5e-4936-bb5b-4811946f8840",
                  "isHook": false,
                  "skipped": false
                }
              ],
              "suites": [],
              "passes": [
                "94144bf4-c8e8-4d02-b26d-e84f0465bb83",
                "de648b78-77c0-48da-8162-04e52acb7862",
                "88443434-d0b9-4016-aa78-81b32fcb42ba"
              ],
              "failures": [],
              "pending": [],
              "skipped": [],
              "duration": 4014,
              "root": false,
              "rootEmpty": false,
              "_timeout": 2000
            },
            {
              "uuid": "7cb00b9c-7b1a-478d-a0ae-b1346a999f71",
              "title": "Item",
              "fullFile": "",
              "file": "",
              "beforeHooks": [],
              "afterHooks": [],
              "tests": [
                {
                  "title": "should allow me to mark items as complete",
                  "fullTitle": "TodoMVC - React Item should allow me to mark items as complete",
                  "timedOut": null,
                  "duration": 907,
                  "state": "passed",
                  "speed": "fast",
                  "pass": true,
                  "fail": false,
                  "pending": false,
                  "context": null,
                  "code": "// we are aliasing the return value of\n// our custom command 'createTodo'\n//\n// the return value is the <li> in the <ul.todos-list>\ncy.createTodo(TODO_ITEM_ONE).as('firstTodo');\ncy.createTodo(TODO_ITEM_TWO).as('secondTodo');\ncy.get('@firstTodo').find('.toggle').check();\ncy.get('@firstTodo').should('have.class', 'completed');\ncy.get('@secondTodo').should('not.have.class', 'completed');\ncy.get('@secondTodo').find('.toggle').check();\ncy.get('@firstTodo').should('have.class', 'completed');\ncy.get('@secondTodo').should('have.class', 'completed');",
                  "err": {},
                  "uuid": "8881552f-da6e-4c92-80b2-fafc2bad5497",
                  "parentUUID": "7cb00b9c-7b1a-478d-a0ae-b1346a999f71",
                  "isHook": false,
                  "skipped": false
                },
                {
                  "title": "should allow me to un-mark items as complete",
                  "fullTitle": "TodoMVC - React Item should allow me to un-mark items as complete",
                  "timedOut": null,
                  "duration": 948,
                  "state": "passed",
                  "speed": "fast",
                  "pass": true,
                  "fail": false,
                  "pending": false,
                  "context": null,
                  "code": "cy.createTodo(TODO_ITEM_ONE).as('firstTodo');\ncy.createTodo(TODO_ITEM_TWO).as('secondTodo');\ncy.get('@firstTodo').find('.toggle').check();\ncy.get('@firstTodo').should('have.class', 'completed');\ncy.get('@secondTodo').should('not.have.class', 'completed');\ncy.get('@firstTodo').find('.toggle').uncheck();\ncy.get('@firstTodo').should('not.have.class', 'completed');\ncy.get('@secondTodo').should('not.have.class', 'completed');",
                  "err": {},
                  "uuid": "c2e3a1a6-995e-4abe-a67f-f3ede1d8750d",
                  "parentUUID": "7cb00b9c-7b1a-478d-a0ae-b1346a999f71",
                  "isHook": false,
                  "skipped": false
                },
                {
                  "title": "should allow me to edit an item",
                  "fullTitle": "TodoMVC - React Item should allow me to edit an item",
                  "timedOut": null,
                  "duration": 1649,
                  "state": "passed",
                  "speed": "fast",
                  "pass": true,
                  "fail": false,
                  "pending": false,
                  "context": null,
                  "code": "cy.createDefaultTodos().as('todos');\ncy.get('@todos').eq(1).as('secondTodo')\n// TODO: fix this, dblclick should\n// have been issued to label\n.find('label').dblclick();\n// clear out the inputs current value\n// and type a new value\ncy.get('@secondTodo').find('.edit').clear().type('buy some sausages').type('{enter}');\n// explicitly assert about the text value\ncy.get('@todos').eq(0).should('contain', TODO_ITEM_ONE);\ncy.get('@secondTodo').should('contain', 'buy some sausages');\ncy.get('@todos').eq(2).should('contain', TODO_ITEM_THREE);",
                  "err": {},
                  "uuid": "9e80284e-111e-4449-921f-5696d87fc47b",
                  "parentUUID": "7cb00b9c-7b1a-478d-a0ae-b1346a999f71",
                  "isHook": false,
                  "skipped": false
                }
              ],
              "suites": [],
              "passes": [
                "8881552f-da6e-4c92-80b2-fafc2bad5497",
                "c2e3a1a6-995e-4abe-a67f-f3ede1d8750d",
                "9e80284e-111e-4449-921f-5696d87fc47b"
              ],
              "failures": [],
              "pending": [],
              "skipped": [],
              "duration": 3504,
              "root": false,
              "rootEmpty": false,
              "_timeout": 2000
            },
            {
              "uuid": "af8df7df-1d8e-4b3f-be28-a916d4135f95",
              "title": "Editing",
              "fullFile": "",
              "file": "",
              "beforeHooks": [],
              "afterHooks": [],
              "tests": [
                {
                  "title": "should hide other controls when editing",
                  "fullTitle": "TodoMVC - React Editing should hide other controls when editing",
                  "timedOut": null,
                  "duration": 1297,
                  "state": "passed",
                  "speed": "fast",
                  "pass": true,
                  "fail": false,
                  "pending": false,
                  "context": null,
                  "code": "cy.get('@todos').eq(1).as('secondTodo').find('label').dblclick();\ncy.get('@secondTodo').find('.toggle').should('not.be.visible');\ncy.get('@secondTodo').find('label').should('not.be.visible');",
                  "err": {},
                  "uuid": "e03fd3dd-7c09-4bd5-9003-4de1a38e5e04",
                  "parentUUID": "af8df7df-1d8e-4b3f-be28-a916d4135f95",
                  "isHook": false,
                  "skipped": false
                },
                {
                  "title": "should save edits on blur",
                  "fullTitle": "TodoMVC - React Editing should save edits on blur",
                  "timedOut": null,
                  "duration": 1628,
                  "state": "passed",
                  "speed": "fast",
                  "pass": true,
                  "fail": false,
                  "pending": false,
                  "context": null,
                  "code": "cy.get('@todos').eq(1).as('secondTodo').find('label').dblclick();\ncy.get('@secondTodo').find('.edit').clear().type('buy some sausages')\n// we can just send the blur event directly\n// to the input instead of having to click\n// on another button on the page. though you\n// could do that its just more mental work\n.blur();\ncy.get('@todos').eq(0).should('contain', TODO_ITEM_ONE);\ncy.get('@secondTodo').should('contain', 'buy some sausages');\ncy.get('@todos').eq(2).should('contain', TODO_ITEM_THREE);",
                  "err": {},
                  "uuid": "4a82e72a-0baf-428a-8479-1b3e4914cd79",
                  "parentUUID": "af8df7df-1d8e-4b3f-be28-a916d4135f95",
                  "isHook": false,
                  "skipped": false
                },
                {
                  "title": "should trim entered text",
                  "fullTitle": "TodoMVC - React Editing should trim entered text",
                  "timedOut": null,
                  "duration": 1761,
                  "state": "passed",
                  "speed": "fast",
                  "pass": true,
                  "fail": false,
                  "pending": false,
                  "context": null,
                  "code": "cy.get('@todos').eq(1).as('secondTodo').find('label').dblclick();\ncy.get('@secondTodo').find('.edit').clear().type('    buy some sausages    ').type('{enter}');\ncy.get('@todos').eq(0).should('contain', TODO_ITEM_ONE);\ncy.get('@secondTodo').should('contain', 'buy some sausages');\ncy.get('@todos').eq(2).should('contain', TODO_ITEM_THREE);",
                  "err": {},
                  "uuid": "c649126f-33dd-41d5-ad61-40df42ae1116",
                  "parentUUID": "af8df7df-1d8e-4b3f-be28-a916d4135f95",
                  "isHook": false,
                  "skipped": false
                },
                {
                  "title": "should remove the item if an empty text string was entered",
                  "fullTitle": "TodoMVC - React Editing should remove the item if an empty text string was entered",
                  "timedOut": null,
                  "duration": 1386,
                  "state": "passed",
                  "speed": "fast",
                  "pass": true,
                  "fail": false,
                  "pending": false,
                  "context": null,
                  "code": "cy.get('@todos').eq(1).as('secondTodo').find('label').dblclick();\ncy.get('@secondTodo').find('.edit').clear().type('{enter}');\ncy.get('@todos').should('have.length', 2);",
                  "err": {},
                  "uuid": "2ab067a6-6d9a-4521-a5f3-510bd083ecb7",
                  "parentUUID": "af8df7df-1d8e-4b3f-be28-a916d4135f95",
                  "isHook": false,
                  "skipped": false
                },
                {
                  "title": "should cancel edits on escape",
                  "fullTitle": "TodoMVC - React Editing should cancel edits on escape",
                  "timedOut": null,
                  "duration": 1484,
                  "state": "passed",
                  "speed": "fast",
                  "pass": true,
                  "fail": false,
                  "pending": false,
                  "context": null,
                  "code": "cy.get('@todos').eq(1).as('secondTodo').find('label').dblclick();\ncy.get('@secondTodo').find('.edit').clear().type('foo{esc}');\ncy.get('@todos').eq(0).should('contain', TODO_ITEM_ONE);\ncy.get('@todos').eq(1).should('contain', TODO_ITEM_TWO);\ncy.get('@todos').eq(2).should('contain', TODO_ITEM_THREE);",
                  "err": {},
                  "uuid": "ac70eb86-4d3b-46b1-8e43-aaf42415f03c",
                  "parentUUID": "af8df7df-1d8e-4b3f-be28-a916d4135f95",
                  "isHook": false,
                  "skipped": false
                }
              ],
              "suites": [],
              "passes": [
                "e03fd3dd-7c09-4bd5-9003-4de1a38e5e04",
                "4a82e72a-0baf-428a-8479-1b3e4914cd79",
                "c649126f-33dd-41d5-ad61-40df42ae1116",
                "2ab067a6-6d9a-4521-a5f3-510bd083ecb7",
                "ac70eb86-4d3b-46b1-8e43-aaf42415f03c"
              ],
              "failures": [],
              "pending": [],
              "skipped": [],
              "duration": 7556,
              "root": false,
              "rootEmpty": false,
              "_timeout": 2000
            },
            {
              "uuid": "3841bdf4-494b-46b8-9cdd-de8c1cbfd438",
              "title": "Counter",
              "fullFile": "",
              "file": "",
              "beforeHooks": [],
              "afterHooks": [],
              "tests": [
                {
                  "title": "should display the current number of todo items",
                  "fullTitle": "TodoMVC - React Counter should display the current number of todo items",
                  "timedOut": null,
                  "duration": 776,
                  "state": "passed",
                  "speed": "fast",
                  "pass": true,
                  "fail": false,
                  "pending": false,
                  "context": null,
                  "code": "cy.createTodo(TODO_ITEM_ONE);\ncy.get('.todo-count').contains('1 item left');\ncy.createTodo(TODO_ITEM_TWO);\ncy.get('.todo-count').contains('2 items left');",
                  "err": {},
                  "uuid": "650d644b-aff8-4759-9265-501f2e60616b",
                  "parentUUID": "3841bdf4-494b-46b8-9cdd-de8c1cbfd438",
                  "isHook": false,
                  "skipped": false
                }
              ],
              "suites": [],
              "passes": [
                "650d644b-aff8-4759-9265-501f2e60616b"
              ],
              "failures": [],
              "pending": [],
              "skipped": [],
              "duration": 776,
              "root": false,
              "rootEmpty": false,
              "_timeout": 2000
            },
            {
              "uuid": "d0e04d71-c3a1-4285-beaa-33f8e5b7c646",
              "title": "Clear completed button",
              "fullFile": "",
              "file": "",
              "beforeHooks": [],
              "afterHooks": [],
              "tests": [
                {
                  "title": "should display the correct text",
                  "fullTitle": "TodoMVC - React Clear completed button should display the correct text",
                  "timedOut": null,
                  "duration": 1240,
                  "state": "passed",
                  "speed": "fast",
                  "pass": true,
                  "fail": false,
                  "pending": false,
                  "context": null,
                  "code": "cy.get('@todos').eq(0).find('.toggle').check();\ncy.get('.clear-completed').contains('Clear completed');",
                  "err": {},
                  "uuid": "1f7db096-1d44-4027-b1ad-51bec0f7041b",
                  "parentUUID": "d0e04d71-c3a1-4285-beaa-33f8e5b7c646",
                  "isHook": false,
                  "skipped": false
                },
                {
                  "title": "should remove completed items when clicked",
                  "fullTitle": "TodoMVC - React Clear completed button should remove completed items when clicked",
                  "timedOut": null,
                  "duration": 5483,
                  "state": "failed",
                  "speed": null,
                  "pass": false,
                  "fail": true,
                  "pending": false,
                  "context": null,
                  "code": "cy.get('@todos').eq(1).find('.toggle').check();\ncy.get('.clear-completed').click();\ncy.get('@todos').should('have.length', 2);\ncy.get('@todos').eq(0).should('contain', TODO_ITEM_ONE);\ncy.get('@todos').eq(1).should('contain', TODO_ITEM_THREE);",
                  "err": {
                    "message": "CypressError: Timed out retrying after 4000ms: `cy.eq()` failed because the page updated as a result of this command, but you tried to continue the command chain. The subject is no longer attached to the DOM, and Cypress cannot requery the page after commands such as `cy.eq()`.\n\nCommon situations why this happens:\n  - Your JS framework re-rendered asynchronously\n  - Your app code reacted to an event firing and removed the element\n\nYou can typically solve this by breaking up a chain. For example, rewrite:\n\n> `cy.get('button').click().should('have.class', 'active')`\n\nto\n\n> `cy.get('button').as('btn').click()`\n> `cy.get('@btn').should('have.class', 'active')`\n\nhttps://on.cypress.io/element-has-detached-from-dom",
                    "estack": "CypressError: Timed out retrying after 4000ms: `cy.eq()` failed because the page updated as a result of this command, but you tried to continue the command chain. The subject is no longer attached to the DOM, and Cypress cannot requery the page after commands such as `cy.eq()`.\n\nCommon situations why this happens:\n  - Your JS framework re-rendered asynchronously\n  - Your app code reacted to an event firing and removed the element\n\nYou can typically solve this by breaking up a chain. For example, rewrite:\n\n> `cy.get('button').click().should('have.class', 'active')`\n\nto\n\n> `cy.get('button').as('btn').click()`\n> `cy.get('@btn').should('have.class', 'active')`\n\nhttps://on.cypress.io/element-has-detached-from-dom\n    at isAttached (http://localhost:4700/__cypress/runner/cypress_runner.js:145345:58)\n    at validateType (http://localhost:4700/__cypress/runner/cypress_runner.js:145215:9)\n    at Object.isType (http://localhost:4700/__cypress/runner/cypress_runner.js:145250:7)\n    at <unknown> (http://localhost:4700/__cypress/runner/cypress_runner.js:135636:24)\n    at Object.subjectFn (http://localhost:4700/__cypress/runner/cypress_runner.js:144266:16)\n    at $Cy.verifyUpcomingAssertions (http://localhost:4700/__cypress/runner/cypress_runner.js:143610:31)\n    at onRetry (http://localhost:4700/__cypress/runner/cypress_runner.js:144257:15)\n    at tryCatcher (http://localhost:4700/__cypress/runner/cypress_runner.js:1807:23)\n    at Promise.attempt.Promise.try (http://localhost:4700/__cypress/runner/cypress_runner.js:4315:29)\n    at whenStable (http://localhost:4700/__cypress/runner/cypress_runner.js:144144:68)\n    at <unknown> (http://localhost:4700/__cypress/runner/cypress_runner.js:144085:14)\n    at tryCatcher (http://localhost:4700/__cypress/runner/cypress_runner.js:1807:23)\n    at Promise._settlePromiseFromHandler (http://localhost:4700/__cypress/runner/cypress_runner.js:1519:31)\n    at Promise._settlePromise (http://localhost:4700/__cypress/runner/cypress_runner.js:1576:18)\n    at Promise._settlePromise0 (http://localhost:4700/__cypress/runner/cypress_runner.js:1621:10)\n    at Promise._settlePromises (http://localhost:4700/__cypress/runner/cypress_runner.js:1701:18)\n    at Promise._fulfill (http://localhost:4700/__cypress/runner/cypress_runner.js:1645:18)\n    at <unknown> (http://localhost:4700/__cypress/runner/cypress_runner.js:5450:46)\nFrom Your Spec Code:\n    at Context.eval (webpack://automation-practice/./cypress/tests/app.cy.js:339:20)",
                    "diff": null
                  },
                  "uuid": "eae4aa9b-e271-4bee-ab3d-2c6a3fd535ef",
                  "parentUUID": "d0e04d71-c3a1-4285-beaa-33f8e5b7c646",
                  "isHook": false,
                  "skipped": false
                },
                {
                  "title": "should be hidden when there are no items that are completed",
                  "fullTitle": "TodoMVC - React Clear completed button should be hidden when there are no items that are completed",
                  "timedOut": null,
                  "duration": 1403,
                  "state": "passed",
                  "speed": "fast",
                  "pass": true,
                  "fail": false,
                  "pending": false,
                  "context": null,
                  "code": "cy.get('@todos').eq(1).find('.toggle').check();\ncy.get('.clear-completed').should('be.visible').click();\ncy.get('.clear-completed').should('not.exist');",
                  "err": {},
                  "uuid": "b22a3927-0383-4577-8d4c-9109af6c8f9d",
                  "parentUUID": "d0e04d71-c3a1-4285-beaa-33f8e5b7c646",
                  "isHook": false,
                  "skipped": false
                }
              ],
              "suites": [],
              "passes": [
                "1f7db096-1d44-4027-b1ad-51bec0f7041b",
                "b22a3927-0383-4577-8d4c-9109af6c8f9d"
              ],
              "failures": [
                "eae4aa9b-e271-4bee-ab3d-2c6a3fd535ef"
              ],
              "pending": [],
              "skipped": [],
              "duration": 8126,
              "root": false,
              "rootEmpty": false,
              "_timeout": 2000
            },
            {
              "uuid": "4bb4fcc8-45ab-460b-bfda-775402d9c63a",
              "title": "Persistence",
              "fullFile": "",
              "file": "",
              "beforeHooks": [],
              "afterHooks": [],
              "tests": [
                {
                  "title": "should persist its data",
                  "fullTitle": "TodoMVC - React Persistence should persist its data",
                  "timedOut": null,
                  "duration": 5174,
                  "state": "failed",
                  "speed": null,
                  "pass": false,
                  "fail": true,
                  "pending": false,
                  "context": null,
                  "code": "// mimicking TodoMVC tests\n// by writing out this function\nfunction testState() {\n  cy.get('@firstTodo').should('contain', TODO_ITEM_ONE).and('have.class', 'completed');\n  cy.get('@secondTodo').should('contain', TODO_ITEM_TWO).and('not.have.class', 'completed');\n}\ncy.createTodo(TODO_ITEM_ONE).as('firstTodo');\ncy.createTodo(TODO_ITEM_TWO).as('secondTodo');\ncy.get('@firstTodo').find('.toggle').check().then(testState).reload().then(testState);",
                  "err": {
                    "message": "CypressError: Timed out retrying after 4000ms: `cy.should()` failed because the page updated as a result of this command, but you tried to continue the command chain. The subject is no longer attached to the DOM, and Cypress cannot requery the page after commands such as `cy.should()`.\n\nCommon situations why this happens:\n  - Your JS framework re-rendered asynchronously\n  - Your app code reacted to an event firing and removed the element\n\nYou can typically solve this by breaking up a chain. For example, rewrite:\n\n> `cy.get('button').click().should('have.class', 'active')`\n\nto\n\n> `cy.get('button').as('btn').click()`\n> `cy.get('@btn').should('have.class', 'active')`\n\nhttps://on.cypress.io/element-has-detached-from-dom",
                    "estack": "CypressError: Timed out retrying after 4000ms: `cy.should()` failed because the page updated as a result of this command, but you tried to continue the command chain. The subject is no longer attached to the DOM, and Cypress cannot requery the page after commands such as `cy.should()`.\n\nCommon situations why this happens:\n  - Your JS framework re-rendered asynchronously\n  - Your app code reacted to an event firing and removed the element\n\nYou can typically solve this by breaking up a chain. For example, rewrite:\n\n> `cy.get('button').click().should('have.class', 'active')`\n\nto\n\n> `cy.get('button').as('btn').click()`\n> `cy.get('@btn').should('have.class', 'active')`\n\nhttps://on.cypress.io/element-has-detached-from-dom\n    at Object.isAttached (http://localhost:4700/__cypress/runner/cypress_runner.js:145345:58)\n    at applyChainers (http://localhost:4700/__cypress/runner/cypress_runner.js:117815:24)\n    at tryCatcher (http://localhost:4700/__cypress/runner/cypress_runner.js:1807:23)\n    at Promise.attempt.Promise.try (http://localhost:4700/__cypress/runner/cypress_runner.js:4315:29)\n    at Context.shouldFn (http://localhost:4700/__cypress/runner/cypress_runner.js:117843:66)\n    at Context.should (http://localhost:4700/__cypress/runner/cypress_runner.js:117860:23)\n    at <unknown> (http://localhost:4700/__cypress/runner/cypress_runner.js:143419:39)\n    at assertions (http://localhost:4700/__cypress/runner/cypress_runner.js:143668:16)\n    at tryCatcher (http://localhost:4700/__cypress/runner/cypress_runner.js:1807:23)\n    at Object.gotValue (http://localhost:4700/__cypress/runner/cypress_runner.js:6478:18)\n    at Object.gotAccum (http://localhost:4700/__cypress/runner/cypress_runner.js:6465:25)\n    at Object.tryCatcher (http://localhost:4700/__cypress/runner/cypress_runner.js:1807:23)\n    at Promise._settlePromiseFromHandler (http://localhost:4700/__cypress/runner/cypress_runner.js:1519:31)\n    at Promise._settlePromise (http://localhost:4700/__cypress/runner/cypress_runner.js:1576:18)\n    at Promise._settlePromiseCtx (http://localhost:4700/__cypress/runner/cypress_runner.js:1613:10)\n    at _drainQueueStep (http://localhost:4700/__cypress/runner/cypress_runner.js:2411:12)\n    at _drainQueue (http://localhost:4700/__cypress/runner/cypress_runner.js:2400:9)\n    at Async._drainQueues (http://localhost:4700/__cypress/runner/cypress_runner.js:2416:5)\n    at Async.drainQueues (http://localhost:4700/__cypress/runner/cypress_runner.js:2286:14)\nFrom Your Spec Code:\n    at Context.testState (webpack://automation-practice/./cypress/tests/app.cy.js:359:6)",
                    "diff": null
                  },
                  "uuid": "351782a6-f62b-4dcb-aa4b-7563e5850909",
                  "parentUUID": "4bb4fcc8-45ab-460b-bfda-775402d9c63a",
                  "isHook": false,
                  "skipped": false
                }
              ],
              "suites": [],
              "passes": [],
              "failures": [
                "351782a6-f62b-4dcb-aa4b-7563e5850909"
              ],
              "pending": [],
              "skipped": [],
              "duration": 5174,
              "root": false,
              "rootEmpty": false,
              "_timeout": 2000
            },
            {
              "uuid": "99e9b582-2dc1-41f9-a75f-50e32660461b",
              "title": "Routing",
              "fullFile": "",
              "file": "",
              "beforeHooks": [],
              "afterHooks": [],
              "tests": [
                {
                  "title": "should allow me to display active items",
                  "fullTitle": "TodoMVC - React Routing should allow me to display active items",
                  "timedOut": null,
                  "duration": 5398,
                  "state": "failed",
                  "speed": null,
                  "pass": false,
                  "fail": true,
                  "pending": false,
                  "context": null,
                  "code": "cy.get('@todos').eq(1).find('.toggle').check();\ncy.get('.filters').contains('Active').click();\ncy.get('@todos').eq(0).should('contain', TODO_ITEM_ONE);\ncy.get('@todos').eq(1).should('contain', TODO_ITEM_THREE);",
                  "err": {
                    "message": "CypressError: Timed out retrying after 4000ms: `cy.eq()` failed because the page updated as a result of this command, but you tried to continue the command chain. The subject is no longer attached to the DOM, and Cypress cannot requery the page after commands such as `cy.eq()`.\n\nCommon situations why this happens:\n  - Your JS framework re-rendered asynchronously\n  - Your app code reacted to an event firing and removed the element\n\nYou can typically solve this by breaking up a chain. For example, rewrite:\n\n> `cy.get('button').click().should('have.class', 'active')`\n\nto\n\n> `cy.get('button').as('btn').click()`\n> `cy.get('@btn').should('have.class', 'active')`\n\nhttps://on.cypress.io/element-has-detached-from-dom",
                    "estack": "CypressError: Timed out retrying after 4000ms: `cy.eq()` failed because the page updated as a result of this command, but you tried to continue the command chain. The subject is no longer attached to the DOM, and Cypress cannot requery the page after commands such as `cy.eq()`.\n\nCommon situations why this happens:\n  - Your JS framework re-rendered asynchronously\n  - Your app code reacted to an event firing and removed the element\n\nYou can typically solve this by breaking up a chain. For example, rewrite:\n\n> `cy.get('button').click().should('have.class', 'active')`\n\nto\n\n> `cy.get('button').as('btn').click()`\n> `cy.get('@btn').should('have.class', 'active')`\n\nhttps://on.cypress.io/element-has-detached-from-dom\n    at isAttached (http://localhost:4700/__cypress/runner/cypress_runner.js:145345:58)\n    at validateType (http://localhost:4700/__cypress/runner/cypress_runner.js:145215:9)\n    at Object.isType (http://localhost:4700/__cypress/runner/cypress_runner.js:145250:7)\n    at <unknown> (http://localhost:4700/__cypress/runner/cypress_runner.js:135636:24)\n    at Object.subjectFn (http://localhost:4700/__cypress/runner/cypress_runner.js:144266:16)\n    at $Cy.verifyUpcomingAssertions (http://localhost:4700/__cypress/runner/cypress_runner.js:143610:31)\n    at onRetry (http://localhost:4700/__cypress/runner/cypress_runner.js:144257:15)\n    at tryCatcher (http://localhost:4700/__cypress/runner/cypress_runner.js:1807:23)\n    at Promise.attempt.Promise.try (http://localhost:4700/__cypress/runner/cypress_runner.js:4315:29)\n    at whenStable (http://localhost:4700/__cypress/runner/cypress_runner.js:144144:68)\n    at <unknown> (http://localhost:4700/__cypress/runner/cypress_runner.js:144085:14)\n    at tryCatcher (http://localhost:4700/__cypress/runner/cypress_runner.js:1807:23)\n    at Promise._settlePromiseFromHandler (http://localhost:4700/__cypress/runner/cypress_runner.js:1519:31)\n    at Promise._settlePromise (http://localhost:4700/__cypress/runner/cypress_runner.js:1576:18)\n    at Promise._settlePromise0 (http://localhost:4700/__cypress/runner/cypress_runner.js:1621:10)\n    at Promise._settlePromises (http://localhost:4700/__cypress/runner/cypress_runner.js:1701:18)\n    at Promise._fulfill (http://localhost:4700/__cypress/runner/cypress_runner.js:1645:18)\n    at <unknown> (http://localhost:4700/__cypress/runner/cypress_runner.js:5450:46)\nFrom Your Spec Code:\n    at Context.eval (webpack://automation-practice/./cypress/tests/app.cy.js:395:20)",
                    "diff": null
                  },
                  "uuid": "8a27cfef-86b7-4853-a84c-641111c684c9",
                  "parentUUID": "99e9b582-2dc1-41f9-a75f-50e32660461b",
                  "isHook": false,
                  "skipped": false
                },
                {
                  "title": "should respect the back button",
                  "fullTitle": "TodoMVC - React Routing should respect the back button",
                  "timedOut": null,
                  "duration": 5883,
                  "state": "failed",
                  "speed": null,
                  "pass": false,
                  "fail": true,
                  "pending": false,
                  "context": null,
                  "code": "cy.get('@todos').eq(1).find('.toggle').check();\ncy.get('.filters').contains('Active').click();\ncy.get('.filters').contains('Completed').click();\ncy.get('@todos').should('have.length', 1);\ncy.go('back');\ncy.get('@todos').should('have.length', 2);\ncy.go('back');\ncy.get('@todos').should('have.length', 3);",
                  "err": {
                    "message": "AssertionError: Timed out retrying after 4000ms: Not enough elements found. Found '0', expected '1'.",
                    "estack": "AssertionError: Timed out retrying after 4000ms: Not enough elements found. Found '0', expected '1'.\n    at Context.eval (webpack://automation-practice/./cypress/tests/app.cy.js:407:20)",
                    "diff": null
                  },
                  "uuid": "fa5083d5-5ab4-4488-8dac-ace1a8550eb3",
                  "parentUUID": "99e9b582-2dc1-41f9-a75f-50e32660461b",
                  "isHook": false,
                  "skipped": false
                },
                {
                  "title": "should allow me to display completed items",
                  "fullTitle": "TodoMVC - React Routing should allow me to display completed items",
                  "timedOut": null,
                  "duration": 1317,
                  "state": "passed",
                  "speed": "fast",
                  "pass": true,
                  "fail": false,
                  "pending": false,
                  "context": null,
                  "code": "cy.get('@todos').eq(1).find('.toggle').check();\ncy.get('.filters').contains('Completed').click();\ncy.get('@todos').should('have.length', 1);",
                  "err": {},
                  "uuid": "9101a13d-7f06-4acd-bf5e-b307608f2d3f",
                  "parentUUID": "99e9b582-2dc1-41f9-a75f-50e32660461b",
                  "isHook": false,
                  "skipped": false
                },
                {
                  "title": "should allow me to display all items",
                  "fullTitle": "TodoMVC - React Routing should allow me to display all items",
                  "timedOut": null,
                  "duration": 5600,
                  "state": "failed",
                  "speed": null,
                  "pass": false,
                  "fail": true,
                  "pending": false,
                  "context": null,
                  "code": "cy.get('@todos').eq(1).find('.toggle').check();\ncy.get('.filters').contains('Active').click();\ncy.get('.filters').contains('Completed').click();\ncy.get('.filters').contains('All').click();\ncy.get('@todos').should('have.length', 3);",
                  "err": {
                    "message": "AssertionError: Timed out retrying after 4000ms: Not enough elements found. Found '0', expected '3'.",
                    "estack": "AssertionError: Timed out retrying after 4000ms: Not enough elements found. Found '0', expected '3'.\n    at Context.eval (webpack://automation-practice/./cypress/tests/app.cy.js:431:20)",
                    "diff": null
                  },
                  "uuid": "2c67c63b-e94b-47a0-afce-8b1fe6361df4",
                  "parentUUID": "99e9b582-2dc1-41f9-a75f-50e32660461b",
                  "isHook": false,
                  "skipped": false
                },
                {
                  "title": "should highlight the currently applied filter",
                  "fullTitle": "TodoMVC - React Routing should highlight the currently applied filter",
                  "timedOut": null,
                  "duration": 1714,
                  "state": "passed",
                  "speed": "fast",
                  "pass": true,
                  "fail": false,
                  "pending": false,
                  "context": null,
                  "code": "// using a within here which will automatically scope\n// nested 'cy' queries to our parent element <ul.filters>\ncy.get('.filters').within(function () {\n  cy.contains('All').should('have.class', 'selected');\n  cy.contains('Active').click().should('have.class', 'selected');\n  cy.contains('Completed').click().should('have.class', 'selected');\n});",
                  "err": {},
                  "uuid": "d9a58b19-f773-4904-bf3a-6ffc0b231ae2",
                  "parentUUID": "99e9b582-2dc1-41f9-a75f-50e32660461b",
                  "isHook": false,
                  "skipped": false
                }
              ],
              "suites": [],
              "passes": [
                "9101a13d-7f06-4acd-bf5e-b307608f2d3f",
                "d9a58b19-f773-4904-bf3a-6ffc0b231ae2"
              ],
              "failures": [
                "8a27cfef-86b7-4853-a84c-641111c684c9",
                "fa5083d5-5ab4-4488-8dac-ace1a8550eb3",
                "2c67c63b-e94b-47a0-afce-8b1fe6361df4"
              ],
              "pending": [],
              "skipped": [],
              "duration": 19912,
              "root": false,
              "rootEmpty": false,
              "_timeout": 2000
            }
          ],
          "passes": [],
          "failures": [],
          "pending": [],
          "skipped": [],
          "duration": 0,
          "root": false,
          "rootEmpty": false,
          "_timeout": 2000
        }
      ],
      "passes": [],
      "failures": [],
      "pending": [],
      "skipped": [],
      "duration": 0,
      "root": true,
      "rootEmpty": true,
      "_timeout": 2000
    }
  ],
  "meta": {
    "mocha": {
      "version": "7.0.1"
    },
    "mochawesome": {
      "options": {
        "quiet": false,
        "reportFilename": "mochawesome",
        "saveHtml": true,
        "saveJson": true,
        "consoleReporter": "spec",
        "useInlineDiffs": false,
        "code": true
      },
      "version": "7.1.3"
    },
    "marge": {
      "options": {
        "reportDir": "cypress/results/reports",
        "overwrite": false,
        "html": true,
        "json": true
      },
      "version": "6.2.0"
    }
  }
}